2025.10.29 00:29:06 INFO  Started: Metals version 1.6.3 in folders '/home/user/j25-26/tasks/term-1/3' for client Visual Studio Code 1.105.1.[0m
2025.10.29 00:29:06 WARN  Using H2 2.4.240 which is newer than the version Flyway has been verified with. The latest verified version of H2 is 2.3.232.[0m
2025.10.29 00:29:07 INFO  no build target found for /home/user/j25-26/tasks/term-1/3/project/plugins.sbt. Using presentation compiler with project's scala-library version: 3.3.6[0m
2025.10.29 00:29:14 WARN  Could not find semantic tokens for: file:///home/user/j25-26/tasks/term-1/3/project/plugins.sbt[0m
2025.10.29 02:01:01 WARN  no build target for: /home/user/j25-26/tasks/term-1/3/project/plugins.sbt[0m
2025.10.29 02:01:01 INFO  no build target found for /home/user/j25-26/tasks/term-1/3/project/plugins.sbt. Using presentation compiler with project's scala-library version: 3.3.6[0m
2025.10.29 02:01:01 INFO  no build target found for /home/user/j25-26/tasks/term-1/3/project/plugins.sbt. Using presentation compiler with project's scala-library version: 3.3.6[0m
2025.10.29 02:01:01 WARN  Could not find semantic tokens for: file:///home/user/j25-26/tasks/term-1/3/project/plugins.sbt[0m
2025.10.29 02:01:05 INFO  no build target found for /home/user/j25-26/tasks/term-1/3/project/plugins.sbt. Using presentation compiler with project's scala-library version: 3.3.6[0m
2025.10.29 02:01:05 INFO  no build target found for /home/user/j25-26/tasks/term-1/3/src/main/scala/funsets/FunSets.scala. Using presentation compiler with project's scala-library version: 3.3.6[0m
2025.10.29 02:01:06 INFO  no build target found for /home/user/j25-26/tasks/term-1/3/src/main/scala/funsets/FunSets.scala. Using presentation compiler with project's scala-library version: 3.3.6[0m
Oct 29, 2025 2:01:06 AM org.eclipse.lsp4j.jsonrpc.RemoteEndpoint handleCancellation
WARNING: Unmatched cancel notification for request id 15
2025.10.29 02:01:05 INFO  no build target found for /home/user/j25-26/tasks/term-1/3/src/main/scala/funsets/FunSets.scala. Using presentation compiler with project's scala-library version: 3.3.6[0m
2025.10.29 02:01:07 INFO  no build target found for /home/user/j25-26/tasks/term-1/3/src/main/scala/funsets/FunSets.scala. Using presentation compiler with project's scala-library version: 3.3.6[0m
2025.10.29 02:01:07 INFO  no build target found for /home/user/j25-26/tasks/term-1/3/src/main/scala/funsets/FunSets.scala. Using presentation compiler with project's scala-library version: 3.3.6[0m
2025.10.29 02:01:09 INFO  no build target found for /home/user/j25-26/tasks/term-1/3/src/main/scala/funsets/FunSets.scala. Using presentation compiler with project's scala-library version: 3.3.6[0m
2025.10.29 02:01:09 INFO  no build target found for /home/user/j25-26/tasks/term-1/3/src/main/scala/funsets/Main.scala. Using presentation compiler with project's scala-library version: 3.3.6[0m
2025.10.29 02:01:09 INFO  no build target found for /home/user/j25-26/tasks/term-1/3/src/main/scala/funsets/Main.scala. Using presentation compiler with project's scala-library version: 3.3.6[0m
2025.10.29 02:01:09 INFO  no build target found for /home/user/j25-26/tasks/term-1/3/src/main/scala/funsets/Main.scala. Using presentation compiler with project's scala-library version: 3.3.6[0m
2025.10.29 02:03:11 INFO  no build target found for /home/user/j25-26/tasks/term-1/3/src/main/scala/funsets/Main.scala. Using presentation compiler with project's scala-library version: 3.3.6[0m
2025.10.29 02:03:11 INFO  no build target found for /home/user/j25-26/tasks/term-1/3/src/main/scala/funsets/FunSets.scala. Using presentation compiler with project's scala-library version: 3.3.6[0m
2025.10.29 02:03:11 INFO  no build target found for /home/user/j25-26/tasks/term-1/3/src/main/scala/funsets/FunSets.scala. Using presentation compiler with project's scala-library version: 3.3.6[0m
2025.10.29 02:03:11 INFO  no build target found for /home/user/j25-26/tasks/term-1/3/src/main/scala/funsets/FunSets.scala. Using presentation compiler with project's scala-library version: 3.3.6[0m
2025.10.29 02:03:12 INFO  no build target found for /home/user/j25-26/tasks/term-1/3/src/main/scala/funsets/FunSets.scala. Using presentation compiler with project's scala-library version: 3.3.6[0m
2025.10.29 02:03:17 INFO  no build target found for /home/user/j25-26/tasks/term-1/3/src/main/scala/funsets/FunSets.scala. Using presentation compiler with project's scala-library version: 3.3.6[0m
2025.10.29 02:03:17 INFO  no build target found for /home/user/j25-26/tasks/term-1/3/src/main/scala/funsets/FunSets.scala. Using presentation compiler with project's scala-library version: 3.3.6[0m
2025.10.29 02:03:19 INFO  no build target found for /home/user/j25-26/tasks/term-1/3/src/main/scala/funsets/FunSets.scala. Using presentation compiler with project's scala-library version: 3.3.6[0m
2025.10.29 02:03:19 INFO  no build target found for /home/user/j25-26/tasks/term-1/3/src/main/scala/funsets/FunSets.scala. Using presentation compiler with project's scala-library version: 3.3.6[0m
2025.10.29 02:03:19 WARN  Could not find semantic tokens for: file:///home/user/j25-26/tasks/term-1/3/src/main/scala/funsets/FunSets.scala[0m
2025.10.29 02:03:20 INFO  no build target found for /home/user/j25-26/tasks/term-1/3/src/main/scala/funsets/FunSets.scala. Using presentation compiler with project's scala-library version: 3.3.6[0m
2025.10.29 02:03:20 INFO  no build target found for /home/user/j25-26/tasks/term-1/3/src/main/scala/funsets/FunSets.scala. Using presentation compiler with project's scala-library version: 3.3.6[0m
2025.10.29 02:03:20 INFO  no build target found for /home/user/j25-26/tasks/term-1/3/src/main/scala/funsets/FunSets.scala. Using presentation compiler with project's scala-library version: 3.3.6[0m
2025.10.29 02:03:25 WARN  no build target for: /home/user/j25-26/tasks/term-1/3/src/main/scala/funsets/FunSets.scala[0m
2025.10.29 02:03:25 INFO  no build target found for /home/user/j25-26/tasks/term-1/3/src/main/scala/funsets/FunSets.scala. Using presentation compiler with project's scala-library version: 3.3.6[0m
2025.10.29 02:03:25 INFO  no build target found for /home/user/j25-26/tasks/term-1/3/src/main/scala/funsets/FunSets.scala. Using presentation compiler with project's scala-library version: 3.3.6[0m
2025.10.29 02:05:32 INFO  no build target found for /home/user/j25-26/tasks/term-1/3/src/main/scala/funsets/FunSets.scala. Using presentation compiler with project's scala-library version: 3.3.6[0m
2025.10.29 02:05:44 INFO  no build target found for /home/user/j25-26/tasks/term-1/3/src/main/scala/funsets/FunSets.scala. Using presentation compiler with project's scala-library version: 3.3.6[0m
2025.10.29 02:05:45 WARN  no build target for: /home/user/j25-26/tasks/term-1/3/src/main/scala/funsets/FunSets.scala[0m
2025.10.29 02:05:45 INFO  no build target found for /home/user/j25-26/tasks/term-1/3/src/main/scala/funsets/FunSets.scala. Using presentation compiler with project's scala-library version: 3.3.6[0m
2025.10.29 02:06:19 INFO  no build target found for /home/user/j25-26/tasks/term-1/3/src/main/scala/funsets/FunSets.scala. Using presentation compiler with project's scala-library version: 3.3.6[0m
2025.10.29 02:15:27 INFO  no build target found for /home/user/j25-26/tasks/term-1/3/build.sbt. Using presentation compiler with project's scala-library version: 3.3.6[0m
2025.10.29 02:15:27 INFO  no build target found for /home/user/j25-26/tasks/term-1/3/build.sbt. Using presentation compiler with project's scala-library version: 3.3.6[0m
2025.10.29 02:15:27 WARN  Could not find semantic tokens for: file:///home/user/j25-26/tasks/term-1/3/build.sbt[0m
2025.10.29 02:15:27 INFO  no build target found for /home/user/j25-26/tasks/term-1/3/build.sbt. Using presentation compiler with project's scala-library version: 3.3.6[0m
2025.10.29 02:15:49 INFO  no build target found for /home/user/j25-26/tasks/term-1/3/build.sbt. Using presentation compiler with project's scala-library version: 3.3.6[0m
2025.10.29 02:15:50 INFO  no build target found for /home/user/j25-26/tasks/term-1/3/build.sbt. Using presentation compiler with project's scala-library version: 3.3.6[0m
2025.10.29 02:15:50 INFO  no build target found for /home/user/j25-26/tasks/term-1/3/build.sbt. Using presentation compiler with project's scala-library version: 3.3.6[0m
2025.10.29 02:15:51 INFO  no build target found for /home/user/j25-26/tasks/term-1/3/build.sbt. Using presentation compiler with project's scala-library version: 3.3.6[0m
2025.10.29 02:15:51 INFO  no build target found for /home/user/j25-26/tasks/term-1/3/build.sbt. Using presentation compiler with project's scala-library version: 3.3.6[0m
2025.10.29 02:15:51 WARN  Could not find semantic tokens for: file:///home/user/j25-26/tasks/term-1/3/build.sbt[0m
2025.10.29 02:15:52 INFO  no build target found for /home/user/j25-26/tasks/term-1/3/build.sbt. Using presentation compiler with project's scala-library version: 3.3.6[0m
2025.10.29 02:15:52 INFO  no build target found for /home/user/j25-26/tasks/term-1/3/build.sbt. Using presentation compiler with project's scala-library version: 3.3.6[0m
2025.10.29 02:15:52 INFO  no build target found for /home/user/j25-26/tasks/term-1/3/build.sbt. Using presentation compiler with project's scala-library version: 3.3.6[0m
2025.10.29 02:15:52 WARN  Could not find semantic tokens for: file:///home/user/j25-26/tasks/term-1/3/build.sbt[0m
2025.10.29 02:16:06 INFO  no build target found for /home/user/j25-26/tasks/term-1/3/build.sbt. Using presentation compiler with project's scala-library version: 3.3.6[0m
2025.10.29 02:16:06 INFO  no build target found for /home/user/j25-26/tasks/term-1/3/build.sbt. Using presentation compiler with project's scala-library version: 3.3.6[0m
2025.10.29 02:16:07 INFO  no build target found for /home/user/j25-26/tasks/term-1/3/build.sbt. Using presentation compiler with project's scala-library version: 3.3.6[0m
2025.10.29 02:16:07 INFO  no build target found for /home/user/j25-26/tasks/term-1/3/build.sbt. Using presentation compiler with project's scala-library version: 3.3.6[0m
2025.10.29 02:16:07 WARN  Could not find semantic tokens for: file:///home/user/j25-26/tasks/term-1/3/build.sbt[0m
2025.10.29 02:16:08 INFO  no build target found for /home/user/j25-26/tasks/term-1/3/build.sbt. Using presentation compiler with project's scala-library version: 3.3.6[0m
2025.10.29 02:16:08 INFO  no build target found for /home/user/j25-26/tasks/term-1/3/build.sbt. Using presentation compiler with project's scala-library version: 3.3.6[0m
2025.10.29 02:16:08 INFO  no build target found for /home/user/j25-26/tasks/term-1/3/build.sbt. Using presentation compiler with project's scala-library version: 3.3.6[0m
2025.10.29 02:16:08 WARN  Could not find semantic tokens for: file:///home/user/j25-26/tasks/term-1/3/build.sbt[0m
2025.10.29 02:16:11 INFO  no build target found for /home/user/j25-26/tasks/term-1/3/build.sbt. Using presentation compiler with project's scala-library version: 3.3.6[0m
2025.10.29 02:16:12 WARN  no build target for: /home/user/j25-26/tasks/term-1/3/build.sbt[0m
2025.10.29 02:16:12 INFO  no build target found for /home/user/j25-26/tasks/term-1/3/build.sbt. Using presentation compiler with project's scala-library version: 3.3.6[0m
2025.10.29 02:16:12 INFO  no build target found for /home/user/j25-26/tasks/term-1/3/build.sbt. Using presentation compiler with project's scala-library version: 3.3.6[0m
2025.10.29 02:16:12 WARN  Could not find semantic tokens for: file:///home/user/j25-26/tasks/term-1/3/build.sbt[0m
2025.10.29 02:16:12 INFO  no build target found for /home/user/j25-26/tasks/term-1/3/build.sbt. Using presentation compiler with project's scala-library version: 3.3.6[0m
2025.10.29 02:16:12 WARN  Could not find semantic tokens for: file:///home/user/j25-26/tasks/term-1/3/build.sbt[0m
2025.10.29 02:26:43 INFO  no build target found for /home/user/j25-26/tasks/term-1/3/src/main/scala/funsets/Main.scala. Using presentation compiler with project's scala-library version: 3.3.6[0m
2025.10.29 02:26:44 INFO  no build target found for /home/user/j25-26/tasks/term-1/3/src/main/scala/funsets/Main.scala. Using presentation compiler with project's scala-library version: 3.3.6[0m
2025.10.29 02:26:43 INFO  no build target found for /home/user/j25-26/tasks/term-1/3/src/main/scala/funsets/Main.scala. Using presentation compiler with project's scala-library version: 3.3.6[0m
2025.10.29 02:27:30 INFO  no build target found for /home/user/j25-26/tasks/term-1/3/src/main/scala/funsets/Main.scala. Using presentation compiler with project's scala-library version: 3.3.6[0m
2025.10.29 02:27:30 INFO  no build target found for /home/user/j25-26/tasks/term-1/3/src/main/scala/funsets/Main.scala. Using presentation compiler with project's scala-library version: 3.3.6[0m
2025.10.29 02:27:31 INFO  no build target found for /home/user/j25-26/tasks/term-1/3/src/main/scala/funsets/Main.scala. Using presentation compiler with project's scala-library version: 3.3.6[0m
2025.10.29 02:27:31 WARN  Could not find semantic tokens for: file:///home/user/j25-26/tasks/term-1/3/src/main/scala/funsets/Main.scala[0m
2025.10.29 02:27:32 INFO  no build target found for /home/user/j25-26/tasks/term-1/3/src/main/scala/funsets/Main.scala. Using presentation compiler with project's scala-library version: 3.3.6[0m
2025.10.29 02:27:32 INFO  no build target found for /home/user/j25-26/tasks/term-1/3/src/main/scala/funsets/Main.scala. Using presentation compiler with project's scala-library version: 3.3.6[0m
2025.10.29 02:27:32 INFO  no build target found for /home/user/j25-26/tasks/term-1/3/src/main/scala/funsets/Main.scala. Using presentation compiler with project's scala-library version: 3.3.6[0m
2025.10.29 02:27:42 WARN  no build target for: /home/user/j25-26/tasks/term-1/3/src/main/scala/funsets/Main.scala[0m
2025.10.29 02:27:42 INFO  no build target found for /home/user/j25-26/tasks/term-1/3/src/main/scala/funsets/Main.scala. Using presentation compiler with project's scala-library version: 3.3.6[0m
2025.10.29 02:27:42 INFO  no build target found for /home/user/j25-26/tasks/term-1/3/src/main/scala/funsets/Main.scala. Using presentation compiler with project's scala-library version: 3.3.6[0m
2025.10.29 02:31:40 INFO  no build target found for /home/user/j25-26/tasks/term-1/3/src/main/scala/funsets/Main.scala. Using presentation compiler with project's scala-library version: 3.3.6[0m
2025.10.29 02:31:42 INFO  no build target found for /home/user/j25-26/tasks/term-1/3/src/main/scala/funsets/Main.scala. Using presentation compiler with project's scala-library version: 3.3.6[0m
2025.10.29 02:31:46 INFO  no build target found for /home/user/j25-26/tasks/term-1/3/src/main/scala/funsets/Main.scala. Using presentation compiler with project's scala-library version: 3.3.6[0m
2025.10.29 02:32:12 INFO  no build target found for /home/user/j25-26/tasks/term-1/3/src/main/scala/funsets/Main.scala. Using presentation compiler with project's scala-library version: 3.3.6[0m
2025.10.29 02:33:06 INFO  no build target found for /home/user/j25-26/tasks/term-1/3/src/main/scala/funsets/Main.scala. Using presentation compiler with project's scala-library version: 3.3.6[0m
2025.10.29 02:33:07 INFO  no build target found for /home/user/j25-26/tasks/term-1/3/src/main/scala/funsets/Main.scala. Using presentation compiler with project's scala-library version: 3.3.6[0m
2025.10.29 02:33:08 WARN  no build target for: /home/user/j25-26/tasks/term-1/3/src/main/scala/funsets/FunSets.scala[0m
2025.10.29 02:33:07 INFO  no build target found for /home/user/j25-26/tasks/term-1/3/src/main/scala/funsets/FunSets.scala. Using presentation compiler with project's scala-library version: 3.3.6[0m
2025.10.29 02:33:08 INFO  no build target found for /home/user/j25-26/tasks/term-1/3/src/main/scala/funsets/FunSets.scala. Using presentation compiler with project's scala-library version: 3.3.6[0m
2025.10.29 02:33:08 INFO  no build target found for /home/user/j25-26/tasks/term-1/3/src/main/scala/funsets/FunSets.scala. Using presentation compiler with project's scala-library version: 3.3.6[0m
2025.10.29 02:33:09 INFO  no build target found for /home/user/j25-26/tasks/term-1/3/src/main/scala/funsets/FunSets.scala. Using presentation compiler with project's scala-library version: 3.3.6[0m
2025.10.29 02:33:09 INFO  no build target found for /home/user/j25-26/tasks/term-1/3/src/main/scala/funsets/FunSets.scala. Using presentation compiler with project's scala-library version: 3.3.6[0m
2025.10.29 02:33:26 INFO  no build target found for /home/user/j25-26/tasks/term-1/3/src/main/scala/funsets/FunSets.scala. Using presentation compiler with project's scala-library version: 3.3.6[0m
2025.10.29 02:33:31 WARN  no build target for: /home/user/j25-26/tasks/term-1/3/src/main/scala/funsets/Main.scala[0m
2025.10.29 02:33:31 INFO  no build target found for /home/user/j25-26/tasks/term-1/3/src/main/scala/funsets/Main.scala. Using presentation compiler with project's scala-library version: 3.3.6[0m
2025.10.29 02:33:31 INFO  no build target found for /home/user/j25-26/tasks/term-1/3/src/main/scala/funsets/Main.scala. Using presentation compiler with project's scala-library version: 3.3.6[0m
2025.10.29 02:33:31 INFO  no build target found for /home/user/j25-26/tasks/term-1/3/src/main/scala/funsets/Main.scala. Using presentation compiler with project's scala-library version: 3.3.6[0m
2025.10.29 02:33:33 INFO  no build target found for /home/user/j25-26/tasks/term-1/3/src/main/scala/funsets/Main.scala. Using presentation compiler with project's scala-library version: 3.3.6[0m
2025.10.29 02:38:22 INFO  no build target found for /home/user/j25-26/tasks/term-1/3/src/main/scala/funsets/Main.scala. Using presentation compiler with project's scala-library version: 3.3.6[0m
2025.10.29 02:38:52 INFO  no build target found for /home/user/j25-26/tasks/term-1/3/src/main/scala/funsets/Main.scala. Using presentation compiler with project's scala-library version: 3.3.6[0m
2025.10.29 02:40:46 INFO  no build target found for /home/user/j25-26/tasks/term-1/3/build.sbt. Using presentation compiler with project's scala-library version: 3.3.6[0m
2025.10.29 02:40:46 WARN  no build target for: /home/user/j25-26/tasks/term-1/3/build.sbt[0m
2025.10.29 02:40:46 INFO  no build target found for /home/user/j25-26/tasks/term-1/3/build.sbt. Using presentation compiler with project's scala-library version: 3.3.6[0m
2025.10.29 02:40:46 WARN  Could not find semantic tokens for: file:///home/user/j25-26/tasks/term-1/3/build.sbt[0m
2025.10.29 02:40:46 INFO  no build target found for /home/user/j25-26/tasks/term-1/3/build.sbt. Using presentation compiler with project's scala-library version: 3.3.6[0m
2025.10.29 02:58:38 INFO  no build target found for /home/user/j25-26/tasks/term-1/3/build.sbt. Using presentation compiler with project's scala-library version: 3.3.6[0m
2025.10.29 03:04:38 INFO  no build target found for /home/user/j25-26/tasks/term-1/3/build.sbt. Using presentation compiler with project's scala-library version: 3.3.6[0m
2025.10.29 03:09:11 INFO  no build target found for /home/user/j25-26/tasks/term-1/3/build.sbt. Using presentation compiler with project's scala-library version: 3.3.6[0m
2025.10.29 03:16:39 INFO  no build target found for /home/user/j25-26/tasks/term-1/3/build.sbt. Using presentation compiler with project's scala-library version: 3.3.6[0m
2025.10.30 21:57:31 INFO  Shutting down server[0m
2025.10.30 21:57:31 INFO  shutting down Metals[0m
2025.10.30 21:57:31 INFO  Exiting server[0m
